# JRE version: Java(TM) SE Runtime Environment (23.0.1+11) (build 23.0.1+11-39)
# Java VM: Java HotSpot(TM) 64-Bit Server VM (23.0.1+11-39, mixed mode, sharing, tiered, compressed oops, compressed class ptrs, g1 gc, windows-amd64)
GC Precious Log:
 CardTable entry size: 512
 Card Set container configuration: InlinePtr #cards 5 size 8 Array Of Cards #cards 10 size 36 Howl #buckets 4 coarsen threshold 1843 Howl Bitmap #cards 512 size 80 coarsen threshold 460 Card regions per heap region 1 cards per card region 2048
 CPUs: 8 total, 8 available
 Memory: 5965M
 Large Page Support: Disabled
 NUMA Support: Disabled
 Compressed Oops: Enabled (32-bit)
 Heap Region Size: 1M
 Heap Min Capacity: 8M
 Heap Initial Capacity: 94M
 Heap Max Capacity: 1492M
 Pre-touch: Disabled
 Parallel Workers: 8
 Concurrent Workers: 2
 Concurrent Refinement Workers: 8
 Periodic GC: Disabled
Heap:
 garbage-first heap   total reserved 1527808K, committed 77824K, used 48644K [0x00000000a2c00000, 0x0000000100000000)
  region size 1024K, 2 young (2048K), 2 survivors (2048K)
 Metaspace       used 98691K, committed 99712K, reserved 1179648K
  class space    used 13172K, committed 13632K, reserved 1048576K
GC Heap History (20 events):
Event: 14.034 GC heap after
{Heap after GC invocations=25 (full 0):
 garbage-first heap   total reserved 1527808K, committed 61440K, used 36970K [0x00000000a2c00000, 0x0000000100000000)
  region size 1024K, 3 young (3072K), 3 survivors (3072K)
 Metaspace       used 73861K, committed 74560K, reserved 1114112K
  class space    used 9903K, committed 10176K, reserved 1048576K
}
Event: 14.538 GC heap before
{Heap before GC invocations=25 (full 0):
 garbage-first heap   total reserved 1527808K, committed 61440K, used 54378K [0x00000000a2c00000, 0x0000000100000000)
  region size 1024K, 20 young (20480K), 3 survivors (3072K)
 Metaspace       used 74623K, committed 75328K, reserved 1114112K
  class space    used 10018K, committed 10304K, reserved 1048576K
}
Event: 14.541 GC heap after
{Heap after GC invocations=26 (full 0):
 garbage-first heap   total reserved 1527808K, committed 61440K, used 38517K [0x00000000a2c00000, 0x0000000100000000)
  region size 1024K, 3 young (3072K), 3 survivors (3072K)
 Metaspace       used 74623K, committed 75328K, reserved 1114112K
  class space    used 10018K, committed 10304K, reserved 1048576K
}
Event: 14.935 GC heap before
{Heap before GC invocations=27 (full 0):
 garbage-first heap   total reserved 1527808K, committed 65536K, used 53877K [0x00000000a2c00000, 0x0000000100000000)
  region size 1024K, 18 young (18432K), 3 survivors (3072K)
 Metaspace       used 75333K, committed 76032K, reserved 1179648K
  class space    used 10145K, committed 10432K, reserved 1048576K
}
Event: 14.939 GC heap after
{Heap after GC invocations=28 (full 0):
 garbage-first heap   total reserved 1527808K, committed 65536K, used 39346K [0x00000000a2c00000, 0x0000000100000000)
  region size 1024K, 3 young (3072K), 3 survivors (3072K)
 Metaspace       used 75333K, committed 76032K, reserved 1179648K
  class space    used 10145K, committed 10432K, reserved 1048576K
}
Event: 15.321 GC heap before
{Heap before GC invocations=28 (full 0):
 garbage-first heap   total reserved 1527808K, committed 65536K, used 56754K [0x00000000a2c00000, 0x0000000100000000)
  region size 1024K, 20 young (20480K), 3 survivors (3072K)
 Metaspace       used 76348K, committed 77056K, reserved 1179648K
  class space    used 10295K, committed 10624K, reserved 1048576K
}
Event: 15.327 GC heap after
{Heap after GC invocations=29 (full 0):
 garbage-first heap   total reserved 1527808K, committed 65536K, used 40838K [0x00000000a2c00000, 0x0000000100000000)
  region size 1024K, 3 young (3072K), 3 survivors (3072K)
 Metaspace       used 76348K, committed 77056K, reserved 1179648K
  class space    used 10295K, committed 10624K, reserved 1048576K
}
Event: 15.675 GC heap before
{Heap before GC invocations=29 (full 0):
 garbage-first heap   total reserved 1527808K, committed 65536K, used 57222K [0x00000000a2c00000, 0x0000000100000000)
  region size 1024K, 19 young (19456K), 3 survivors (3072K)
 Metaspace       used 77126K, committed 77888K, reserved 1179648K
  class space    used 10409K, committed 10752K, reserved 1048576K
}
Event: 15.679 GC heap after
{Heap after GC invocations=30 (full 0):
 garbage-first heap   total reserved 1527808K, committed 65536K, used 42582K [0x00000000a2c00000, 0x0000000100000000)
  region size 1024K, 2 young (2048K), 2 survivors (2048K)
 Metaspace       used 77126K, committed 77888K, reserved 1179648K
  class space    used 10409K, committed 10752K, reserved 1048576K
}
Event: 16.738 GC heap before
{Heap before GC invocations=31 (full 0):
 garbage-first heap   total reserved 1527808K, committed 71680K, used 58966K [0x00000000a2c00000, 0x0000000100000000)
  region size 1024K, 18 young (18432K), 2 survivors (2048K)
 Metaspace       used 78388K, committed 79232K, reserved 1179648K
  class space    used 10614K, committed 11008K, reserved 1048576K
}
Event: 16.742 GC heap after
{Heap after GC invocations=32 (full 0):
 garbage-first heap   total reserved 1527808K, committed 71680K, used 43358K [0x00000000a2c00000, 0x0000000100000000)
  region size 1024K, 3 young (3072K), 3 survivors (3072K)
 Metaspace       used 78388K, committed 79232K, reserved 1179648K
  class space    used 10614K, committed 11008K, reserved 1048576K
}
Event: 17.313 GC heap before
{Heap before GC invocations=32 (full 0):
 garbage-first heap   total reserved 1527808K, committed 71680K, used 62814K [0x00000000a2c00000, 0x0000000100000000)
  region size 1024K, 23 young (23552K), 3 survivors (3072K)
 Metaspace       used 79641K, committed 80448K, reserved 1179648K
  class space    used 10784K, committed 11136K, reserved 1048576K
}
Event: 17.317 GC heap after
{Heap after GC invocations=33 (full 0):
 garbage-first heap   total reserved 1527808K, committed 71680K, used 43728K [0x00000000a2c00000, 0x0000000100000000)
  region size 1024K, 2 young (2048K), 2 survivors (2048K)
 Metaspace       used 79641K, committed 80448K, reserved 1179648K
  class space    used 10784K, committed 11136K, reserved 1048576K
}
Event: 74.671 GC heap before
{Heap before GC invocations=33 (full 0):
 garbage-first heap   total reserved 1527808K, committed 71680K, used 64208K [0x00000000a2c00000, 0x0000000100000000)
  region size 1024K, 23 young (23552K), 2 survivors (2048K)
 Metaspace       used 85579K, committed 86400K, reserved 1179648K
  class space    used 11625K, committed 11968K, reserved 1048576K
}
Event: 74.703 GC heap after
{Heap after GC invocations=34 (full 0):
 garbage-first heap   total reserved 1527808K, committed 71680K, used 44524K [0x00000000a2c00000, 0x0000000100000000)
  region size 1024K, 2 young (2048K), 2 survivors (2048K)
 Metaspace       used 85579K, committed 86400K, reserved 1179648K
  class space    used 11625K, committed 11968K, reserved 1048576K
}
Event: 97.054 GC heap before
{Heap before GC invocations=35 (full 0):
 garbage-first heap   total reserved 1527808K, committed 75776K, used 63980K [0x00000000a2c00000, 0x0000000100000000)
  region size 1024K, 21 young (21504K), 2 survivors (2048K)
 Metaspace       used 89942K, committed 90816K, reserved 1179648K
  class space    used 12073K, committed 12480K, reserved 1048576K
}
Event: 97.067 GC heap after
{Heap after GC invocations=36 (full 0):
 garbage-first heap   total reserved 1527808K, committed 75776K, used 46457K [0x00000000a2c00000, 0x0000000100000000)
  region size 1024K, 3 young (3072K), 3 survivors (3072K)
 Metaspace       used 89942K, committed 90816K, reserved 1179648K
  class space    used 12073K, committed 12480K, reserved 1048576K
}
Event: 98.498 GC heap before
{Heap before GC invocations=36 (full 0):
 garbage-first heap   total reserved 1527808K, committed 75776K, used 65913K [0x00000000a2c00000, 0x0000000100000000)
  region size 1024K, 23 young (23552K), 3 survivors (3072K)
 Metaspace       used 97282K, committed 98432K, reserved 1179648K
  class space    used 13041K, committed 13568K, reserved 1048576K
}
Event: 98.515 GC heap after
{Heap after GC invocations=37 (full 0):
 garbage-first heap   total reserved 1527808K, committed 77824K, used 46428K [0x00000000a2c00000, 0x0000000100000000)
  region size 1024K, 3 young (3072K), 3 survivors (3072K)
 Metaspace       used 97282K, committed 98432K, reserved 1179648K
  class space    used 13041K, committed 13568K, reserved 1048576K
}
Event: 98.803 GC heap before
{Heap before GC invocations=37 (full 0):
 garbage-first heap   total reserved 1527808K, committed 77824K, used 51548K [0x00000000a2c00000, 0x0000000100000000)
  region size 1024K, 10 young (10240K), 3 survivors (3072K)
 Metaspace       used 98691K, committed 99712K, reserved 1179648K
  class space    used 13172K, committed 13632K, reserved 1048576K
}

