# JRE version: OpenJDK Runtime Environment Temurin-21.0.8+9 (21.0.8+9) (build 21.0.8+9-LTS)
# Java VM: OpenJDK 64-Bit Server VM Temurin-21.0.8+9 (21.0.8+9-LTS, mixed mode, sharing, tiered, compressed oops, compressed class ptrs, parallel gc, windows-amd64)
GC Precious Log:
 CardTable entry size: 512
 CPUs: 8 total, 8 available
 Memory: 5965M
 Large Page Support: Disabled
 NUMA Support: Disabled
 Compressed Oops: Enabled (32-bit)
 Alignments: Space 512K, Generation 512K, Heap 2M
 Heap Min Capacity: 100M
 Heap Initial Capacity: 100M
 Heap Max Capacity: 2G
 Pre-touch: Disabled
 Parallel Workers: 8
Heap:
 PSYoungGen      total 15360K, used 15343K [0x00000000d5580000, 0x00000000d6f00000, 0x0000000100000000)
  eden space 12800K, 100% used [0x00000000d5580000,0x00000000d6200000,0x00000000d6200000)
  from space 2560K, 99% used [0x00000000d6780000,0x00000000d69fbc28,0x00000000d6a00000)
  to   space 5632K, 40% used [0x00000000d6200000,0x00000000d643aad8,0x00000000d6780000)
 ParOldGen       total 76800K, used 76545K [0x0000000080000000, 0x0000000084b00000, 0x00000000d5580000)
  object space 76800K, 99% used [0x0000000080000000,0x0000000084ac0798,0x0000000084b00000)
 Metaspace       used 49273K, committed 50624K, reserved 1114112K
  class space    used 5325K, committed 5888K, reserved 1048576K
GC Heap History (20 events):
Event: 27.873 GC heap before
{Heap before GC invocations=33 (full 2):
 PSYoungGen      total 19968K, used 19464K [0x00000000d5580000, 0x00000000d6c80000, 0x0000000100000000)
  eden space 16896K, 100% used [0x00000000d5580000,0x00000000d6600000,0x00000000d6600000)
  from space 3072K, 83% used [0x00000000d6980000,0x00000000d6c02090,0x00000000d6c80000)
  to   space 3072K, 0% used [0x00000000d6680000,0x00000000d6680000,0x00000000d6980000)
 ParOldGen       total 68608K, used 50488K [0x0000000080000000, 0x0000000084300000, 0x00000000d5580000)
  object space 68608K, 73% used [0x0000000080000000,0x000000008314e1f8,0x0000000084300000)
 Metaspace       used 48574K, committed 49920K, reserved 1114112K
  class space    used 5248K, committed 5824K, reserved 1048576K
}
Event: 27.876 GC heap after
{Heap after GC invocations=33 (full 2):
 PSYoungGen      total 19968K, used 2893K [0x00000000d5580000, 0x00000000d6c00000, 0x0000000100000000)
  eden space 16896K, 0% used [0x00000000d5580000,0x00000000d5580000,0x00000000d6600000)
  from space 3072K, 94% used [0x00000000d6680000,0x00000000d69534e0,0x00000000d6980000)
  to   space 2560K, 0% used [0x00000000d6980000,0x00000000d6980000,0x00000000d6c00000)
 ParOldGen       total 68608K, used 52886K [0x0000000080000000, 0x0000000084300000, 0x00000000d5580000)
  object space 68608K, 77% used [0x0000000080000000,0x00000000833a5ac8,0x0000000084300000)
 Metaspace       used 48574K, committed 49920K, reserved 1114112K
  class space    used 5248K, committed 5824K, reserved 1048576K
}
Event: 27.917 GC heap before
{Heap before GC invocations=34 (full 2):
 PSYoungGen      total 19968K, used 19789K [0x00000000d5580000, 0x00000000d6c00000, 0x0000000100000000)
  eden space 16896K, 100% used [0x00000000d5580000,0x00000000d6600000,0x00000000d6600000)
  from space 3072K, 94% used [0x00000000d6680000,0x00000000d69534e0,0x00000000d6980000)
  to   space 2560K, 0% used [0x00000000d6980000,0x00000000d6980000,0x00000000d6c00000)
 ParOldGen       total 68608K, used 52886K [0x0000000080000000, 0x0000000084300000, 0x00000000d5580000)
  object space 68608K, 77% used [0x0000000080000000,0x00000000833a5ac8,0x0000000084300000)
 Metaspace       used 48593K, committed 49920K, reserved 1114112K
  class space    used 5248K, committed 5824K, reserved 1048576K
}
Event: 27.919 GC heap after
{Heap after GC invocations=34 (full 2):
 PSYoungGen      total 18944K, used 1684K [0x00000000d5580000, 0x00000000d6b80000, 0x0000000100000000)
  eden space 16896K, 0% used [0x00000000d5580000,0x00000000d5580000,0x00000000d6600000)
  from space 2048K, 82% used [0x00000000d6980000,0x00000000d6b252f8,0x00000000d6b80000)
  to   space 2560K, 0% used [0x00000000d6680000,0x00000000d6680000,0x00000000d6900000)
 ParOldGen       total 68608K, used 55479K [0x0000000080000000, 0x0000000084300000, 0x00000000d5580000)
  object space 68608K, 80% used [0x0000000080000000,0x000000008362df80,0x0000000084300000)
 Metaspace       used 48593K, committed 49920K, reserved 1114112K
  class space    used 5248K, committed 5824K, reserved 1048576K
}
Event: 27.984 GC heap before
{Heap before GC invocations=35 (full 2):
 PSYoungGen      total 18944K, used 18580K [0x00000000d5580000, 0x00000000d6b80000, 0x0000000100000000)
  eden space 16896K, 100% used [0x00000000d5580000,0x00000000d6600000,0x00000000d6600000)
  from space 2048K, 82% used [0x00000000d6980000,0x00000000d6b252f8,0x00000000d6b80000)
  to   space 2560K, 0% used [0x00000000d6680000,0x00000000d6680000,0x00000000d6900000)
 ParOldGen       total 68608K, used 55479K [0x0000000080000000, 0x0000000084300000, 0x00000000d5580000)
  object space 68608K, 80% used [0x0000000080000000,0x000000008362df80,0x0000000084300000)
 Metaspace       used 48687K, committed 50048K, reserved 1114112K
  class space    used 5262K, committed 5888K, reserved 1048576K
}
Event: 27.987 GC heap after
{Heap after GC invocations=35 (full 2):
 PSYoungGen      total 19456K, used 2550K [0x00000000d5580000, 0x00000000d7000000, 0x0000000100000000)
  eden space 16896K, 0% used [0x00000000d5580000,0x00000000d5580000,0x00000000d6600000)
  from space 2560K, 99% used [0x00000000d6680000,0x00000000d68fd930,0x00000000d6900000)
  to   space 5120K, 0% used [0x00000000d6b00000,0x00000000d6b00000,0x00000000d7000000)
 ParOldGen       total 68608K, used 57235K [0x0000000080000000, 0x0000000084300000, 0x00000000d5580000)
  object space 68608K, 83% used [0x0000000080000000,0x00000000837e4f78,0x0000000084300000)
 Metaspace       used 48687K, committed 50048K, reserved 1114112K
  class space    used 5262K, committed 5888K, reserved 1048576K
}
Event: 28.074 GC heap before
{Heap before GC invocations=36 (full 2):
 PSYoungGen      total 19456K, used 19446K [0x00000000d5580000, 0x00000000d7000000, 0x0000000100000000)
  eden space 16896K, 100% used [0x00000000d5580000,0x00000000d6600000,0x00000000d6600000)
  from space 2560K, 99% used [0x00000000d6680000,0x00000000d68fd930,0x00000000d6900000)
  to   space 5120K, 0% used [0x00000000d6b00000,0x00000000d6b00000,0x00000000d7000000)
 ParOldGen       total 68608K, used 57235K [0x0000000080000000, 0x0000000084300000, 0x00000000d5580000)
  object space 68608K, 83% used [0x0000000080000000,0x00000000837e4f78,0x0000000084300000)
 Metaspace       used 49056K, committed 50432K, reserved 1114112K
  class space    used 5300K, committed 5888K, reserved 1048576K
}
Event: 28.078 GC heap after
{Heap after GC invocations=36 (full 2):
 PSYoungGen      total 19968K, used 2631K [0x00000000d5580000, 0x00000000d6e00000, 0x0000000100000000)
  eden space 16896K, 0% used [0x00000000d5580000,0x00000000d5580000,0x00000000d6600000)
  from space 3072K, 85% used [0x00000000d6b00000,0x00000000d6d91d08,0x00000000d6e00000)
  to   space 3584K, 0% used [0x00000000d6700000,0x00000000d6700000,0x00000000d6a80000)
 ParOldGen       total 68608K, used 59699K [0x0000000080000000, 0x0000000084300000, 0x00000000d5580000)
  object space 68608K, 87% used [0x0000000080000000,0x0000000083a4ce58,0x0000000084300000)
 Metaspace       used 49056K, committed 50432K, reserved 1114112K
  class space    used 5300K, committed 5888K, reserved 1048576K
}
Event: 28.182 GC heap before
{Heap before GC invocations=37 (full 2):
 PSYoungGen      total 19968K, used 19527K [0x00000000d5580000, 0x00000000d6e00000, 0x0000000100000000)
  eden space 16896K, 100% used [0x00000000d5580000,0x00000000d6600000,0x00000000d6600000)
  from space 3072K, 85% used [0x00000000d6b00000,0x00000000d6d91d08,0x00000000d6e00000)
  to   space 3584K, 0% used [0x00000000d6700000,0x00000000d6700000,0x00000000d6a80000)
 ParOldGen       total 68608K, used 59699K [0x0000000080000000, 0x0000000084300000, 0x00000000d5580000)
  object space 68608K, 87% used [0x0000000080000000,0x0000000083a4ce58,0x0000000084300000)
 Metaspace       used 49262K, committed 50624K, reserved 1114112K
  class space    used 5325K, committed 5888K, reserved 1048576K
}
Event: 28.186 GC heap after
{Heap after GC invocations=37 (full 2):
 PSYoungGen      total 19968K, used 2649K [0x00000000d5580000, 0x00000000d6c00000, 0x0000000100000000)
  eden space 16896K, 0% used [0x00000000d5580000,0x00000000d5580000,0x00000000d6600000)
  from space 3072K, 86% used [0x00000000d6700000,0x00000000d6996700,0x00000000d6a00000)
  to   space 2048K, 0% used [0x00000000d6a00000,0x00000000d6a00000,0x00000000d6c00000)
 ParOldGen       total 68608K, used 62108K [0x0000000080000000, 0x0000000084300000, 0x00000000d5580000)
  object space 68608K, 90% used [0x0000000080000000,0x0000000083ca7188,0x0000000084300000)
 Metaspace       used 49262K, committed 50624K, reserved 1114112K
  class space    used 5325K, committed 5888K, reserved 1048576K
}
Event: 28.324 GC heap before
{Heap before GC invocations=38 (full 2):
 PSYoungGen      total 19968K, used 19545K [0x00000000d5580000, 0x00000000d6c00000, 0x0000000100000000)
  eden space 16896K, 100% used [0x00000000d5580000,0x00000000d6600000,0x00000000d6600000)
  from space 3072K, 86% used [0x00000000d6700000,0x00000000d6996700,0x00000000d6a00000)
  to   space 2048K, 0% used [0x00000000d6a00000,0x00000000d6a00000,0x00000000d6c00000)
 ParOldGen       total 68608K, used 62108K [0x0000000080000000, 0x0000000084300000, 0x00000000d5580000)
  object space 68608K, 90% used [0x0000000080000000,0x0000000083ca7188,0x0000000084300000)
 Metaspace       used 49263K, committed 50624K, reserved 1114112K
  class space    used 5325K, committed 5888K, reserved 1048576K
}
Event: 28.327 GC heap after
{Heap after GC invocations=38 (full 2):
 PSYoungGen      total 16896K, used 2048K [0x00000000d5580000, 0x00000000d7200000, 0x0000000100000000)
  eden space 14848K, 0% used [0x00000000d5580000,0x00000000d5580000,0x00000000d6400000)
  from space 2048K, 100% used [0x00000000d6a00000,0x00000000d6c00000,0x00000000d6c00000)
  to   space 6144K, 0% used [0x00000000d6400000,0x00000000d6400000,0x00000000d6a00000)
 ParOldGen       total 68608K, used 65445K [0x0000000080000000, 0x0000000084300000, 0x00000000d5580000)
  object space 68608K, 95% used [0x0000000080000000,0x0000000083fe9768,0x0000000084300000)
 Metaspace       used 49263K, committed 50624K, reserved 1114112K
  class space    used 5325K, committed 5888K, reserved 1048576K
}
Event: 28.417 GC heap before
{Heap before GC invocations=39 (full 2):
 PSYoungGen      total 16896K, used 16896K [0x00000000d5580000, 0x00000000d7200000, 0x0000000100000000)
  eden space 14848K, 100% used [0x00000000d5580000,0x00000000d6400000,0x00000000d6400000)
  from space 2048K, 100% used [0x00000000d6a00000,0x00000000d6c00000,0x00000000d6c00000)
  to   space 6144K, 0% used [0x00000000d6400000,0x00000000d6400000,0x00000000d6a00000)
 ParOldGen       total 68608K, used 65445K [0x0000000080000000, 0x0000000084300000, 0x00000000d5580000)
  object space 68608K, 95% used [0x0000000080000000,0x0000000083fe9768,0x0000000084300000)
 Metaspace       used 49269K, committed 50624K, reserved 1114112K
  class space    used 5325K, committed 5888K, reserved 1048576K
}
Event: 28.421 GC heap after
{Heap after GC invocations=39 (full 2):
 PSYoungGen      total 17920K, used 2597K [0x00000000d5580000, 0x00000000d6c00000, 0x0000000100000000)
  eden space 14848K, 0% used [0x00000000d5580000,0x00000000d5580000,0x00000000d6400000)
  from space 3072K, 84% used [0x00000000d6400000,0x00000000d66897c0,0x00000000d6700000)
  to   space 4096K, 0% used [0x00000000d6800000,0x00000000d6800000,0x00000000d6c00000)
 ParOldGen       total 68608K, used 67375K [0x0000000080000000, 0x0000000084300000, 0x00000000d5580000)
  object space 68608K, 98% used [0x0000000080000000,0x00000000841cbe58,0x0000000084300000)
 Metaspace       used 49269K, committed 50624K, reserved 1114112K
  class space    used 5325K, committed 5888K, reserved 1048576K
}
Event: 28.526 GC heap before
{Heap before GC invocations=40 (full 2):
 PSYoungGen      total 17920K, used 17445K [0x00000000d5580000, 0x00000000d6c00000, 0x0000000100000000)
  eden space 14848K, 100% used [0x00000000d5580000,0x00000000d6400000,0x00000000d6400000)
  from space 3072K, 84% used [0x00000000d6400000,0x00000000d66897c0,0x00000000d6700000)
  to   space 4096K, 0% used [0x00000000d6800000,0x00000000d6800000,0x00000000d6c00000)
 ParOldGen       total 68608K, used 67375K [0x0000000080000000, 0x0000000084300000, 0x00000000d5580000)
  object space 68608K, 98% used [0x0000000080000000,0x00000000841cbe58,0x0000000084300000)
 Metaspace       used 49270K, committed 50624K, reserved 1114112K
  class space    used 5325K, committed 5888K, reserved 1048576K
}
Event: 28.530 GC heap after
{Heap after GC invocations=40 (full 2):
 PSYoungGen      total 18432K, used 3185K [0x00000000d5580000, 0x00000000d6b80000, 0x0000000100000000)
  eden space 14848K, 0% used [0x00000000d5580000,0x00000000d5580000,0x00000000d6400000)
  from space 3584K, 88% used [0x00000000d6800000,0x00000000d6b1c518,0x00000000d6b80000)
  to   space 3584K, 0% used [0x00000000d6480000,0x00000000d6480000,0x00000000d6800000)
 ParOldGen       total 70144K, used 69828K [0x0000000080000000, 0x0000000084480000, 0x00000000d5580000)
  object space 70144K, 99% used [0x0000000080000000,0x0000000084431000,0x0000000084480000)
 Metaspace       used 49270K, committed 50624K, reserved 1114112K
  class space    used 5325K, committed 5888K, reserved 1048576K
}
Event: 28.634 GC heap before
{Heap before GC invocations=41 (full 2):
 PSYoungGen      total 18432K, used 18033K [0x00000000d5580000, 0x00000000d6b80000, 0x0000000100000000)
  eden space 14848K, 100% used [0x00000000d5580000,0x00000000d6400000,0x00000000d6400000)
  from space 3584K, 88% used [0x00000000d6800000,0x00000000d6b1c518,0x00000000d6b80000)
  to   space 3584K, 0% used [0x00000000d6480000,0x00000000d6480000,0x00000000d6800000)
 ParOldGen       total 70144K, used 69828K [0x0000000080000000, 0x0000000084480000, 0x00000000d5580000)
  object space 70144K, 99% used [0x0000000080000000,0x0000000084431000,0x0000000084480000)
 Metaspace       used 49273K, committed 50624K, reserved 1114112K
  class space    used 5325K, committed 5888K, reserved 1048576K
}
Event: 28.638 GC heap after
{Heap after GC invocations=41 (full 2):
 PSYoungGen      total 17920K, used 2618K [0x00000000d5580000, 0x00000000d6a00000, 0x0000000100000000)
  eden space 14848K, 0% used [0x00000000d5580000,0x00000000d5580000,0x00000000d6400000)
  from space 3072K, 85% used [0x00000000d6480000,0x00000000d670e868,0x00000000d6780000)
  to   space 2560K, 0% used [0x00000000d6780000,0x00000000d6780000,0x00000000d6a00000)
 ParOldGen       total 73216K, used 72859K [0x0000000080000000, 0x0000000084780000, 0x00000000d5580000)
  object space 73216K, 99% used [0x0000000080000000,0x0000000084726d90,0x0000000084780000)
 Metaspace       used 49273K, committed 50624K, reserved 1114112K
  class space    used 5325K, committed 5888K, reserved 1048576K
}
Event: 28.713 GC heap before
{Heap before GC invocations=42 (full 2):
 PSYoungGen      total 17920K, used 17466K [0x00000000d5580000, 0x00000000d6a00000, 0x0000000100000000)
  eden space 14848K, 100% used [0x00000000d5580000,0x00000000d6400000,0x00000000d6400000)
  from space 3072K, 85% used [0x00000000d6480000,0x00000000d670e868,0x00000000d6780000)
  to   space 2560K, 0% used [0x00000000d6780000,0x00000000d6780000,0x00000000d6a00000)
 ParOldGen       total 73216K, used 72859K [0x0000000080000000, 0x0000000084780000, 0x00000000d5580000)
  object space 73216K, 99% used [0x0000000080000000,0x0000000084726d90,0x0000000084780000)
 Metaspace       used 49273K, committed 50624K, reserved 1114112K
  class space    used 5325K, committed 5888K, reserved 1048576K
}
Event: 28.716 GC heap after
{Heap after GC invocations=42 (full 2):
 PSYoungGen      total 15360K, used 2543K [0x00000000d5580000, 0x00000000d6f00000, 0x0000000100000000)
  eden space 12800K, 0% used [0x00000000d5580000,0x00000000d5580000,0x00000000d6200000)
  from space 2560K, 99% used [0x00000000d6780000,0x00000000d69fbc28,0x00000000d6a00000)
  to   space 5632K, 0% used [0x00000000d6200000,0x00000000d6200000,0x00000000d6780000)
 ParOldGen       total 75776K, used 75449K [0x0000000080000000, 0x0000000084a00000, 0x00000000d5580000)
  object space 75776K, 99% used [0x0000000080000000,0x00000000849ae740,0x0000000084a00000)
 Metaspace       used 49273K, committed 50624K, reserved 1114112K
  class space    used 5325K, committed 5888K, reserved 1048576K
}

