# JRE version: OpenJDK Runtime Environment Temurin-21.0.8+9 (21.0.8+9) (build 21.0.8+9-LTS)
# Java VM: OpenJDK 64-Bit Server VM Temurin-21.0.8+9 (21.0.8+9-LTS, mixed mode, sharing, tiered, compressed oops, compressed class ptrs, parallel gc, windows-amd64)
GC Precious Log:
 CardTable entry size: 512
 CPUs: 8 total, 8 available
 Memory: 5965M
 Large Page Support: Disabled
 NUMA Support: Disabled
 Compressed Oops: Enabled (32-bit)
 Alignments: Space 512K, Generation 512K, Heap 2M
 Heap Min Capacity: 100M
 Heap Initial Capacity: 100M
 Heap Max Capacity: 2G
 Pre-touch: Disabled
 Parallel Workers: 8
Heap:
 PSYoungGen      total 20992K, used 7876K [0x00000000d5580000, 0x00000000d6d80000, 0x0000000100000000)
  eden space 18944K, 31% used [0x00000000d5580000,0x00000000d5b60388,0x00000000d6800000)
  from space 2048K, 90% used [0x00000000d6b80000,0x00000000d6d50e58,0x00000000d6d80000)
  to   space 2560K, 0% used [0x00000000d6880000,0x00000000d6880000,0x00000000d6b00000)
 ParOldGen       total 68608K, used 39208K [0x0000000080000000, 0x0000000084300000, 0x00000000d5580000)
  object space 68608K, 57% used [0x0000000080000000,0x000000008264a170,0x0000000084300000)
 Metaspace       used 45241K, committed 46400K, reserved 1114112K
  class space    used 4584K, committed 5120K, reserved 1048576K
GC Heap History (20 events):
Event: 22.242 GC heap before
{Heap before GC invocations=19 (full 2):
 PSYoungGen      total 24576K, used 24053K [0x00000000d5580000, 0x00000000d7000000, 0x0000000100000000)
  eden space 22016K, 99% used [0x00000000d5580000,0x00000000d6ae9c98,0x00000000d6b00000)
  from space 2560K, 83% used [0x00000000d6d80000,0x00000000d6f938a0,0x00000000d7000000)
  to   space 2560K, 0% used [0x00000000d6b00000,0x00000000d6b00000,0x00000000d6d80000)
 ParOldGen       total 68608K, used 23500K [0x0000000080000000, 0x0000000084300000, 0x00000000d5580000)
  object space 68608K, 34% used [0x0000000080000000,0x00000000816f3250,0x0000000084300000)
 Metaspace       used 37121K, committed 38144K, reserved 1114112K
  class space    used 3792K, committed 4224K, reserved 1048576K
}
Event: 22.245 GC heap after
{Heap after GC invocations=19 (full 2):
 PSYoungGen      total 24064K, used 1992K [0x00000000d5580000, 0x00000000d6f00000, 0x0000000100000000)
  eden space 22016K, 0% used [0x00000000d5580000,0x00000000d5580000,0x00000000d6b00000)
  from space 2048K, 97% used [0x00000000d6b00000,0x00000000d6cf21f0,0x00000000d6d00000)
  to   space 2048K, 0% used [0x00000000d6d00000,0x00000000d6d00000,0x00000000d6f00000)
 ParOldGen       total 68608K, used 25289K [0x0000000080000000, 0x0000000084300000, 0x00000000d5580000)
  object space 68608K, 36% used [0x0000000080000000,0x00000000818b26c0,0x0000000084300000)
 Metaspace       used 37121K, committed 38144K, reserved 1114112K
  class space    used 3792K, committed 4224K, reserved 1048576K
}
Event: 22.278 GC heap before
{Heap before GC invocations=20 (full 2):
 PSYoungGen      total 24064K, used 24008K [0x00000000d5580000, 0x00000000d6f00000, 0x0000000100000000)
  eden space 22016K, 100% used [0x00000000d5580000,0x00000000d6b00000,0x00000000d6b00000)
  from space 2048K, 97% used [0x00000000d6b00000,0x00000000d6cf21f0,0x00000000d6d00000)
  to   space 2048K, 0% used [0x00000000d6d00000,0x00000000d6d00000,0x00000000d6f00000)
 ParOldGen       total 68608K, used 25289K [0x0000000080000000, 0x0000000084300000, 0x00000000d5580000)
  object space 68608K, 36% used [0x0000000080000000,0x00000000818b26c0,0x0000000084300000)
 Metaspace       used 37142K, committed 38144K, reserved 1114112K
  class space    used 3795K, committed 4224K, reserved 1048576K
}
Event: 22.280 GC heap after
{Heap after GC invocations=20 (full 2):
 PSYoungGen      total 24064K, used 1673K [0x00000000d5580000, 0x00000000d6f00000, 0x0000000100000000)
  eden space 22016K, 0% used [0x00000000d5580000,0x00000000d5580000,0x00000000d6b00000)
  from space 2048K, 81% used [0x00000000d6d00000,0x00000000d6ea2558,0x00000000d6f00000)
  to   space 2048K, 0% used [0x00000000d6b00000,0x00000000d6b00000,0x00000000d6d00000)
 ParOldGen       total 68608K, used 26273K [0x0000000080000000, 0x0000000084300000, 0x00000000d5580000)
  object space 68608K, 38% used [0x0000000080000000,0x00000000819a86c0,0x0000000084300000)
 Metaspace       used 37142K, committed 38144K, reserved 1114112K
  class space    used 3795K, committed 4224K, reserved 1048576K
}
Event: 22.340 GC heap before
{Heap before GC invocations=21 (full 2):
 PSYoungGen      total 24064K, used 23689K [0x00000000d5580000, 0x00000000d6f00000, 0x0000000100000000)
  eden space 22016K, 100% used [0x00000000d5580000,0x00000000d6b00000,0x00000000d6b00000)
  from space 2048K, 81% used [0x00000000d6d00000,0x00000000d6ea2558,0x00000000d6f00000)
  to   space 2048K, 0% used [0x00000000d6b00000,0x00000000d6b00000,0x00000000d6d00000)
 ParOldGen       total 68608K, used 26273K [0x0000000080000000, 0x0000000084300000, 0x00000000d5580000)
  object space 68608K, 38% used [0x0000000080000000,0x00000000819a86c0,0x0000000084300000)
 Metaspace       used 37789K, committed 38784K, reserved 1114112K
  class space    used 3849K, committed 4288K, reserved 1048576K
}
Event: 22.342 GC heap after
{Heap after GC invocations=21 (full 2):
 PSYoungGen      total 23552K, used 1280K [0x00000000d5580000, 0x00000000d6e00000, 0x0000000100000000)
  eden space 22016K, 0% used [0x00000000d5580000,0x00000000d5580000,0x00000000d6b00000)
  from space 1536K, 83% used [0x00000000d6b00000,0x00000000d6c40010,0x00000000d6c80000)
  to   space 1536K, 0% used [0x00000000d6c80000,0x00000000d6c80000,0x00000000d6e00000)
 ParOldGen       total 68608K, used 27113K [0x0000000080000000, 0x0000000084300000, 0x00000000d5580000)
  object space 68608K, 39% used [0x0000000080000000,0x0000000081a7a6c0,0x0000000084300000)
 Metaspace       used 37789K, committed 38784K, reserved 1114112K
  class space    used 3849K, committed 4288K, reserved 1048576K
}
Event: 22.417 GC heap before
{Heap before GC invocations=22 (full 2):
 PSYoungGen      total 23552K, used 23296K [0x00000000d5580000, 0x00000000d6e00000, 0x0000000100000000)
  eden space 22016K, 100% used [0x00000000d5580000,0x00000000d6b00000,0x00000000d6b00000)
  from space 1536K, 83% used [0x00000000d6b00000,0x00000000d6c40010,0x00000000d6c80000)
  to   space 1536K, 0% used [0x00000000d6c80000,0x00000000d6c80000,0x00000000d6e00000)
 ParOldGen       total 68608K, used 27113K [0x0000000080000000, 0x0000000084300000, 0x00000000d5580000)
  object space 68608K, 39% used [0x0000000080000000,0x0000000081a7a6c0,0x0000000084300000)
 Metaspace       used 38457K, committed 39488K, reserved 1114112K
  class space    used 3912K, committed 4352K, reserved 1048576K
}
Event: 22.421 GC heap after
{Heap after GC invocations=22 (full 2):
 PSYoungGen      total 22016K, used 1528K [0x00000000d5580000, 0x00000000d7100000, 0x0000000100000000)
  eden space 20480K, 0% used [0x00000000d5580000,0x00000000d5580000,0x00000000d6980000)
  from space 1536K, 99% used [0x00000000d6c80000,0x00000000d6dfe200,0x00000000d6e00000)
  to   space 3072K, 0% used [0x00000000d6980000,0x00000000d6980000,0x00000000d6c80000)
 ParOldGen       total 68608K, used 28289K [0x0000000080000000, 0x0000000084300000, 0x00000000d5580000)
  object space 68608K, 41% used [0x0000000080000000,0x0000000081ba06d0,0x0000000084300000)
 Metaspace       used 38457K, committed 39488K, reserved 1114112K
  class space    used 3912K, committed 4352K, reserved 1048576K
}
Event: 22.566 GC heap before
{Heap before GC invocations=23 (full 2):
 PSYoungGen      total 22016K, used 22008K [0x00000000d5580000, 0x00000000d7100000, 0x0000000100000000)
  eden space 20480K, 100% used [0x00000000d5580000,0x00000000d6980000,0x00000000d6980000)
  from space 1536K, 99% used [0x00000000d6c80000,0x00000000d6dfe200,0x00000000d6e00000)
  to   space 3072K, 0% used [0x00000000d6980000,0x00000000d6980000,0x00000000d6c80000)
 ParOldGen       total 68608K, used 28289K [0x0000000080000000, 0x0000000084300000, 0x00000000d5580000)
  object space 68608K, 41% used [0x0000000080000000,0x0000000081ba06d0,0x0000000084300000)
 Metaspace       used 39789K, committed 40832K, reserved 1114112K
  class space    used 4023K, committed 4480K, reserved 1048576K
}
Event: 22.570 GC heap after
{Heap after GC invocations=23 (full 2):
 PSYoungGen      total 23040K, used 2077K [0x00000000d5580000, 0x00000000d6e80000, 0x0000000100000000)
  eden space 20480K, 0% used [0x00000000d5580000,0x00000000d5580000,0x00000000d6980000)
  from space 2560K, 81% used [0x00000000d6980000,0x00000000d6b87520,0x00000000d6c00000)
  to   space 2560K, 0% used [0x00000000d6c00000,0x00000000d6c00000,0x00000000d6e80000)
 ParOldGen       total 68608K, used 29786K [0x0000000080000000, 0x0000000084300000, 0x00000000d5580000)
  object space 68608K, 43% used [0x0000000080000000,0x0000000081d168d0,0x0000000084300000)
 Metaspace       used 39789K, committed 40832K, reserved 1114112K
  class space    used 4023K, committed 4480K, reserved 1048576K
}
Event: 22.829 GC heap before
{Heap before GC invocations=24 (full 2):
 PSYoungGen      total 23040K, used 22557K [0x00000000d5580000, 0x00000000d6e80000, 0x0000000100000000)
  eden space 20480K, 100% used [0x00000000d5580000,0x00000000d6980000,0x00000000d6980000)
  from space 2560K, 81% used [0x00000000d6980000,0x00000000d6b87520,0x00000000d6c00000)
  to   space 2560K, 0% used [0x00000000d6c00000,0x00000000d6c00000,0x00000000d6e80000)
 ParOldGen       total 68608K, used 29786K [0x0000000080000000, 0x0000000084300000, 0x00000000d5580000)
  object space 68608K, 43% used [0x0000000080000000,0x0000000081d168d0,0x0000000084300000)
 Metaspace       used 41301K, committed 42432K, reserved 1114112K
  class space    used 4215K, committed 4736K, reserved 1048576K
}
Event: 22.832 GC heap after
{Heap after GC invocations=24 (full 2):
 PSYoungGen      total 21504K, used 2535K [0x00000000d5580000, 0x00000000d7180000, 0x0000000100000000)
  eden space 18944K, 0% used [0x00000000d5580000,0x00000000d5580000,0x00000000d6800000)
  from space 2560K, 99% used [0x00000000d6c00000,0x00000000d6e79f00,0x00000000d6e80000)
  to   space 4096K, 0% used [0x00000000d6800000,0x00000000d6800000,0x00000000d6c00000)
 ParOldGen       total 68608K, used 31039K [0x0000000080000000, 0x0000000084300000, 0x00000000d5580000)
  object space 68608K, 45% used [0x0000000080000000,0x0000000081e4fc38,0x0000000084300000)
 Metaspace       used 41301K, committed 42432K, reserved 1114112K
  class space    used 4215K, committed 4736K, reserved 1048576K
}
Event: 23.207 GC heap before
{Heap before GC invocations=25 (full 2):
 PSYoungGen      total 21504K, used 21476K [0x00000000d5580000, 0x00000000d7180000, 0x0000000100000000)
  eden space 18944K, 99% used [0x00000000d5580000,0x00000000d67ff1b8,0x00000000d6800000)
  from space 2560K, 99% used [0x00000000d6c00000,0x00000000d6e79f00,0x00000000d6e80000)
  to   space 4096K, 0% used [0x00000000d6800000,0x00000000d6800000,0x00000000d6c00000)
 ParOldGen       total 68608K, used 31039K [0x0000000080000000, 0x0000000084300000, 0x00000000d5580000)
  object space 68608K, 45% used [0x0000000080000000,0x0000000081e4fc38,0x0000000084300000)
 Metaspace       used 42622K, committed 43776K, reserved 1114112K
  class space    used 4343K, committed 4864K, reserved 1048576K
}
Event: 23.212 GC heap after
{Heap after GC invocations=25 (full 2):
 PSYoungGen      total 22016K, used 3004K [0x00000000d5580000, 0x00000000d6f00000, 0x0000000100000000)
  eden space 18944K, 0% used [0x00000000d5580000,0x00000000d5580000,0x00000000d6800000)
  from space 3072K, 97% used [0x00000000d6800000,0x00000000d6aef040,0x00000000d6b00000)
  to   space 3584K, 0% used [0x00000000d6b80000,0x00000000d6b80000,0x00000000d6f00000)
 ParOldGen       total 68608K, used 33516K [0x0000000080000000, 0x0000000084300000, 0x00000000d5580000)
  object space 68608K, 48% used [0x0000000080000000,0x00000000820bb090,0x0000000084300000)
 Metaspace       used 42622K, committed 43776K, reserved 1114112K
  class space    used 4343K, committed 4864K, reserved 1048576K
}
Event: 23.403 GC heap before
{Heap before GC invocations=26 (full 2):
 PSYoungGen      total 22016K, used 21948K [0x00000000d5580000, 0x00000000d6f00000, 0x0000000100000000)
  eden space 18944K, 100% used [0x00000000d5580000,0x00000000d6800000,0x00000000d6800000)
  from space 3072K, 97% used [0x00000000d6800000,0x00000000d6aef040,0x00000000d6b00000)
  to   space 3584K, 0% used [0x00000000d6b80000,0x00000000d6b80000,0x00000000d6f00000)
 ParOldGen       total 68608K, used 33516K [0x0000000080000000, 0x0000000084300000, 0x00000000d5580000)
  object space 68608K, 48% used [0x0000000080000000,0x00000000820bb090,0x0000000084300000)
 Metaspace       used 42930K, committed 44160K, reserved 1114112K
  class space    used 4373K, committed 4928K, reserved 1048576K
}
Event: 23.406 GC heap after
{Heap after GC invocations=26 (full 2):
 PSYoungGen      total 20480K, used 1072K [0x00000000d5580000, 0x00000000d6d00000, 0x0000000100000000)
  eden space 18944K, 0% used [0x00000000d5580000,0x00000000d5580000,0x00000000d6800000)
  from space 1536K, 69% used [0x00000000d6b80000,0x00000000d6c8c010,0x00000000d6d00000)
  to   space 2048K, 0% used [0x00000000d6900000,0x00000000d6900000,0x00000000d6b00000)
 ParOldGen       total 68608K, used 36401K [0x0000000080000000, 0x0000000084300000, 0x00000000d5580000)
  object space 68608K, 53% used [0x0000000080000000,0x000000008238c570,0x0000000084300000)
 Metaspace       used 42930K, committed 44160K, reserved 1114112K
  class space    used 4373K, committed 4928K, reserved 1048576K
}
Event: 23.767 GC heap before
{Heap before GC invocations=27 (full 2):
 PSYoungGen      total 20480K, used 20016K [0x00000000d5580000, 0x00000000d6d00000, 0x0000000100000000)
  eden space 18944K, 100% used [0x00000000d5580000,0x00000000d6800000,0x00000000d6800000)
  from space 1536K, 69% used [0x00000000d6b80000,0x00000000d6c8c010,0x00000000d6d00000)
  to   space 2048K, 0% used [0x00000000d6900000,0x00000000d6900000,0x00000000d6b00000)
 ParOldGen       total 68608K, used 36401K [0x0000000080000000, 0x0000000084300000, 0x00000000d5580000)
  object space 68608K, 53% used [0x0000000080000000,0x000000008238c570,0x0000000084300000)
 Metaspace       used 44626K, committed 45824K, reserved 1114112K
  class space    used 4546K, committed 5120K, reserved 1048576K
}
Event: 23.770 GC heap after
{Heap after GC invocations=27 (full 2):
 PSYoungGen      total 20992K, used 2025K [0x00000000d5580000, 0x00000000d6f00000, 0x0000000100000000)
  eden space 18944K, 0% used [0x00000000d5580000,0x00000000d5580000,0x00000000d6800000)
  from space 2048K, 98% used [0x00000000d6900000,0x00000000d6afa460,0x00000000d6b00000)
  to   space 3584K, 0% used [0x00000000d6b80000,0x00000000d6b80000,0x00000000d6f00000)
 ParOldGen       total 68608K, used 37474K [0x0000000080000000, 0x0000000084300000, 0x00000000d5580000)
  object space 68608K, 54% used [0x0000000080000000,0x0000000082498a70,0x0000000084300000)
 Metaspace       used 44626K, committed 45824K, reserved 1114112K
  class space    used 4546K, committed 5120K, reserved 1048576K
}
Event: 23.978 GC heap before
{Heap before GC invocations=28 (full 2):
 PSYoungGen      total 20992K, used 20969K [0x00000000d5580000, 0x00000000d6f00000, 0x0000000100000000)
  eden space 18944K, 99% used [0x00000000d5580000,0x00000000d67ffff8,0x00000000d6800000)
  from space 2048K, 98% used [0x00000000d6900000,0x00000000d6afa460,0x00000000d6b00000)
  to   space 3584K, 0% used [0x00000000d6b80000,0x00000000d6b80000,0x00000000d6f00000)
 ParOldGen       total 68608K, used 37474K [0x0000000080000000, 0x0000000084300000, 0x00000000d5580000)
  object space 68608K, 54% used [0x0000000080000000,0x0000000082498a70,0x0000000084300000)
 Metaspace       used 45134K, committed 46336K, reserved 1114112K
  class space    used 4579K, committed 5120K, reserved 1048576K
}
Event: 23.984 GC heap after
{Heap after GC invocations=28 (full 2):
 PSYoungGen      total 20992K, used 1859K [0x00000000d5580000, 0x00000000d6d80000, 0x0000000100000000)
  eden space 18944K, 0% used [0x00000000d5580000,0x00000000d5580000,0x00000000d6800000)
  from space 2048K, 90% used [0x00000000d6b80000,0x00000000d6d50e58,0x00000000d6d80000)
  to   space 2560K, 0% used [0x00000000d6880000,0x00000000d6880000,0x00000000d6b00000)
 ParOldGen       total 68608K, used 39208K [0x0000000080000000, 0x0000000084300000, 0x00000000d5580000)
  object space 68608K, 57% used [0x0000000080000000,0x000000008264a170,0x0000000084300000)
 Metaspace       used 45134K, committed 46336K, reserved 1114112K
  class space    used 4579K, committed 5120K, reserved 1048576K
}

