# JRE version: OpenJDK Runtime Environment Temurin-21.0.8+9 (21.0.8+9) (build 21.0.8+9-LTS)
# Java VM: OpenJDK 64-Bit Server VM Temurin-21.0.8+9 (21.0.8+9-LTS, mixed mode, sharing, tiered, compressed oops, compressed class ptrs, parallel gc, windows-amd64)
GC Precious Log:
 CardTable entry size: 512
 CPUs: 8 total, 8 available
 Memory: 5965M
 Large Page Support: Disabled
 NUMA Support: Disabled
 Compressed Oops: Enabled (32-bit)
 Alignments: Space 512K, Generation 512K, Heap 2M
 Heap Min Capacity: 100M
 Heap Initial Capacity: 100M
 Heap Max Capacity: 2G
 Pre-touch: Disabled
 Parallel Workers: 8
Heap:
 PSYoungGen      total 8704K, used 3479K [0x00000000d5580000, 0x00000000d6080000, 0x0000000100000000)
  eden space 7680K, 38% used [0x00000000d5580000,0x00000000d5860db0,0x00000000d5d00000)
  from space 1024K, 52% used [0x00000000d5d00000,0x00000000d5d85200,0x00000000d5e00000)
  to   space 1024K, 0% used [0x00000000d5f80000,0x00000000d5f80000,0x00000000d6080000)
 ParOldGen       total 320000K, used 295693K [0x0000000080000000, 0x0000000093880000, 0x00000000d5580000)
  object space 320000K, 92% used [0x0000000080000000,0x00000000920c3740,0x0000000093880000)
 Metaspace       used 84215K, committed 86144K, reserved 1179648K
  class space    used 8940K, committed 9856K, reserved 1048576K
GC Heap History (20 events):
Event: 1580.954 GC heap before
{Heap before GC invocations=690 (full 4):
 PSYoungGen      total 7680K, used 7646K [0x00000000d5580000, 0x00000000d5e00000, 0x0000000100000000)
  eden space 6656K, 100% used [0x00000000d5580000,0x00000000d5c00000,0x00000000d5c00000)
  from space 1024K, 96% used [0x00000000d5c00000,0x00000000d5cf7b10,0x00000000d5d00000)
  to   space 1024K, 0% used [0x00000000d5d00000,0x00000000d5d00000,0x00000000d5e00000)
 ParOldGen       total 320000K, used 288826K [0x0000000080000000, 0x0000000093880000, 0x00000000d5580000)
  object space 320000K, 90% used [0x0000000080000000,0x0000000091a0e868,0x0000000093880000)
 Metaspace       used 84156K, committed 86080K, reserved 1179648K
  class space    used 8936K, committed 9856K, reserved 1048576K
}
Event: 1580.958 GC heap after
{Heap after GC invocations=690 (full 4):
 PSYoungGen      total 7680K, used 868K [0x00000000d5580000, 0x00000000d5e00000, 0x0000000100000000)
  eden space 6656K, 0% used [0x00000000d5580000,0x00000000d5580000,0x00000000d5c00000)
  from space 1024K, 84% used [0x00000000d5d00000,0x00000000d5dd9210,0x00000000d5e00000)
  to   space 1024K, 0% used [0x00000000d5c00000,0x00000000d5c00000,0x00000000d5d00000)
 ParOldGen       total 320000K, used 289561K [0x0000000080000000, 0x0000000093880000, 0x00000000d5580000)
  object space 320000K, 90% used [0x0000000080000000,0x0000000091ac6660,0x0000000093880000)
 Metaspace       used 84156K, committed 86080K, reserved 1179648K
  class space    used 8936K, committed 9856K, reserved 1048576K
}
Event: 1580.976 GC heap before
{Heap before GC invocations=691 (full 4):
 PSYoungGen      total 7680K, used 7524K [0x00000000d5580000, 0x00000000d5e00000, 0x0000000100000000)
  eden space 6656K, 99% used [0x00000000d5580000,0x00000000d5bfffe8,0x00000000d5c00000)
  from space 1024K, 84% used [0x00000000d5d00000,0x00000000d5dd9210,0x00000000d5e00000)
  to   space 1024K, 0% used [0x00000000d5c00000,0x00000000d5c00000,0x00000000d5d00000)
 ParOldGen       total 320000K, used 289561K [0x0000000080000000, 0x0000000093880000, 0x00000000d5580000)
  object space 320000K, 90% used [0x0000000080000000,0x0000000091ac6660,0x0000000093880000)
 Metaspace       used 84156K, committed 86080K, reserved 1179648K
  class space    used 8936K, committed 9856K, reserved 1048576K
}
Event: 1580.978 GC heap after
{Heap after GC invocations=691 (full 4):
 PSYoungGen      total 7680K, used 832K [0x00000000d5580000, 0x00000000d5e00000, 0x0000000100000000)
  eden space 6656K, 0% used [0x00000000d5580000,0x00000000d5580000,0x00000000d5c00000)
  from space 1024K, 81% used [0x00000000d5c00000,0x00000000d5cd0020,0x00000000d5d00000)
  to   space 1024K, 0% used [0x00000000d5d00000,0x00000000d5d00000,0x00000000d5e00000)
 ParOldGen       total 320000K, used 290041K [0x0000000080000000, 0x0000000093880000, 0x00000000d5580000)
  object space 320000K, 90% used [0x0000000080000000,0x0000000091b3e670,0x0000000093880000)
 Metaspace       used 84156K, committed 86080K, reserved 1179648K
  class space    used 8936K, committed 9856K, reserved 1048576K
}
Event: 1581.001 GC heap before
{Heap before GC invocations=692 (full 4):
 PSYoungGen      total 7680K, used 7488K [0x00000000d5580000, 0x00000000d5e00000, 0x0000000100000000)
  eden space 6656K, 100% used [0x00000000d5580000,0x00000000d5c00000,0x00000000d5c00000)
  from space 1024K, 81% used [0x00000000d5c00000,0x00000000d5cd0020,0x00000000d5d00000)
  to   space 1024K, 0% used [0x00000000d5d00000,0x00000000d5d00000,0x00000000d5e00000)
 ParOldGen       total 320000K, used 290041K [0x0000000080000000, 0x0000000093880000, 0x00000000d5580000)
  object space 320000K, 90% used [0x0000000080000000,0x0000000091b3e670,0x0000000093880000)
 Metaspace       used 84162K, committed 86080K, reserved 1179648K
  class space    used 8936K, committed 9856K, reserved 1048576K
}
Event: 1581.005 GC heap after
{Heap after GC invocations=692 (full 4):
 PSYoungGen      total 6144K, used 1018K [0x00000000d5580000, 0x00000000d6100000, 0x0000000100000000)
  eden space 5120K, 0% used [0x00000000d5580000,0x00000000d5580000,0x00000000d5a80000)
  from space 1024K, 99% used [0x00000000d5d00000,0x00000000d5dfe900,0x00000000d5e00000)
  to   space 2560K, 0% used [0x00000000d5a80000,0x00000000d5a80000,0x00000000d5d00000)
 ParOldGen       total 320000K, used 291109K [0x0000000080000000, 0x0000000093880000, 0x00000000d5580000)
  object space 320000K, 90% used [0x0000000080000000,0x0000000091c496e0,0x0000000093880000)
 Metaspace       used 84162K, committed 86080K, reserved 1179648K
  class space    used 8936K, committed 9856K, reserved 1048576K
}
Event: 1581.015 GC heap before
{Heap before GC invocations=693 (full 4):
 PSYoungGen      total 6144K, used 6138K [0x00000000d5580000, 0x00000000d6100000, 0x0000000100000000)
  eden space 5120K, 100% used [0x00000000d5580000,0x00000000d5a80000,0x00000000d5a80000)
  from space 1024K, 99% used [0x00000000d5d00000,0x00000000d5dfe900,0x00000000d5e00000)
  to   space 2560K, 0% used [0x00000000d5a80000,0x00000000d5a80000,0x00000000d5d00000)
 ParOldGen       total 320000K, used 291109K [0x0000000080000000, 0x0000000093880000, 0x00000000d5580000)
  object space 320000K, 90% used [0x0000000080000000,0x0000000091c496e0,0x0000000093880000)
 Metaspace       used 84174K, committed 86144K, reserved 1179648K
  class space    used 8936K, committed 9856K, reserved 1048576K
}
Event: 1581.019 GC heap after
{Heap after GC invocations=693 (full 4):
 PSYoungGen      total 6144K, used 672K [0x00000000d5580000, 0x00000000d5d80000, 0x0000000100000000)
  eden space 5120K, 0% used [0x00000000d5580000,0x00000000d5580000,0x00000000d5a80000)
  from space 1024K, 65% used [0x00000000d5a80000,0x00000000d5b28020,0x00000000d5b80000)
  to   space 1536K, 0% used [0x00000000d5c00000,0x00000000d5c00000,0x00000000d5d80000)
 ParOldGen       total 320000K, used 292081K [0x0000000080000000, 0x0000000093880000, 0x00000000d5580000)
  object space 320000K, 91% used [0x0000000080000000,0x0000000091d3c440,0x0000000093880000)
 Metaspace       used 84174K, committed 86144K, reserved 1179648K
  class space    used 8936K, committed 9856K, reserved 1048576K
}
Event: 1581.063 GC heap before
{Heap before GC invocations=694 (full 4):
 PSYoungGen      total 6144K, used 5792K [0x00000000d5580000, 0x00000000d5d80000, 0x0000000100000000)
  eden space 5120K, 100% used [0x00000000d5580000,0x00000000d5a80000,0x00000000d5a80000)
  from space 1024K, 65% used [0x00000000d5a80000,0x00000000d5b28020,0x00000000d5b80000)
  to   space 1536K, 0% used [0x00000000d5c00000,0x00000000d5c00000,0x00000000d5d80000)
 ParOldGen       total 320000K, used 292081K [0x0000000080000000, 0x0000000093880000, 0x00000000d5580000)
  object space 320000K, 91% used [0x0000000080000000,0x0000000091d3c440,0x0000000093880000)
 Metaspace       used 84191K, committed 86144K, reserved 1179648K
  class space    used 8936K, committed 9856K, reserved 1048576K
}
Event: 1581.065 GC heap after
{Heap after GC invocations=694 (full 4):
 PSYoungGen      total 6656K, used 960K [0x00000000d5580000, 0x00000000d5d80000, 0x0000000100000000)
  eden space 5120K, 0% used [0x00000000d5580000,0x00000000d5580000,0x00000000d5a80000)
  from space 1536K, 62% used [0x00000000d5c00000,0x00000000d5cf0000,0x00000000d5d80000)
  to   space 1536K, 0% used [0x00000000d5a80000,0x00000000d5a80000,0x00000000d5c00000)
 ParOldGen       total 320000K, used 292516K [0x0000000080000000, 0x0000000093880000, 0x00000000d5580000)
  object space 320000K, 91% used [0x0000000080000000,0x0000000091da9350,0x0000000093880000)
 Metaspace       used 84191K, committed 86144K, reserved 1179648K
  class space    used 8936K, committed 9856K, reserved 1048576K
}
Event: 1581.068 GC heap before
{Heap before GC invocations=695 (full 4):
 PSYoungGen      total 6656K, used 6079K [0x00000000d5580000, 0x00000000d5d80000, 0x0000000100000000)
  eden space 5120K, 99% used [0x00000000d5580000,0x00000000d5a7fff0,0x00000000d5a80000)
  from space 1536K, 62% used [0x00000000d5c00000,0x00000000d5cf0000,0x00000000d5d80000)
  to   space 1536K, 0% used [0x00000000d5a80000,0x00000000d5a80000,0x00000000d5c00000)
 ParOldGen       total 320000K, used 292516K [0x0000000080000000, 0x0000000093880000, 0x00000000d5580000)
  object space 320000K, 91% used [0x0000000080000000,0x0000000091da9350,0x0000000093880000)
 Metaspace       used 84191K, committed 86144K, reserved 1179648K
  class space    used 8936K, committed 9856K, reserved 1048576K
}
Event: 1581.071 GC heap after
{Heap after GC invocations=695 (full 4):
 PSYoungGen      total 6656K, used 800K [0x00000000d5580000, 0x00000000d5d80000, 0x0000000100000000)
  eden space 5120K, 0% used [0x00000000d5580000,0x00000000d5580000,0x00000000d5a80000)
  from space 1536K, 52% used [0x00000000d5a80000,0x00000000d5b48000,0x00000000d5c00000)
  to   space 1024K, 0% used [0x00000000d5c80000,0x00000000d5c80000,0x00000000d5d80000)
 ParOldGen       total 320000K, used 293376K [0x0000000080000000, 0x0000000093880000, 0x00000000d5580000)
  object space 320000K, 91% used [0x0000000080000000,0x0000000091e80140,0x0000000093880000)
 Metaspace       used 84191K, committed 86144K, reserved 1179648K
  class space    used 8936K, committed 9856K, reserved 1048576K
}
Event: 1581.075 GC heap before
{Heap before GC invocations=696 (full 4):
 PSYoungGen      total 6656K, used 5919K [0x00000000d5580000, 0x00000000d5d80000, 0x0000000100000000)
  eden space 5120K, 99% used [0x00000000d5580000,0x00000000d5a7fff0,0x00000000d5a80000)
  from space 1536K, 52% used [0x00000000d5a80000,0x00000000d5b48000,0x00000000d5c00000)
  to   space 1024K, 0% used [0x00000000d5c80000,0x00000000d5c80000,0x00000000d5d80000)
 ParOldGen       total 320000K, used 293376K [0x0000000080000000, 0x0000000093880000, 0x00000000d5580000)
  object space 320000K, 91% used [0x0000000080000000,0x0000000091e80140,0x0000000093880000)
 Metaspace       used 84191K, committed 86144K, reserved 1179648K
  class space    used 8936K, committed 9856K, reserved 1048576K
}
Event: 1581.077 GC heap after
{Heap after GC invocations=696 (full 4):
 PSYoungGen      total 7168K, used 672K [0x00000000d5580000, 0x00000000d5d80000, 0x0000000100000000)
  eden space 6144K, 0% used [0x00000000d5580000,0x00000000d5580000,0x00000000d5b80000)
  from space 1024K, 65% used [0x00000000d5c80000,0x00000000d5d28000,0x00000000d5d80000)
  to   space 1024K, 0% used [0x00000000d5b80000,0x00000000d5b80000,0x00000000d5c80000)
 ParOldGen       total 320000K, used 294128K [0x0000000080000000, 0x0000000093880000, 0x00000000d5580000)
  object space 320000K, 91% used [0x0000000080000000,0x0000000091f3c140,0x0000000093880000)
 Metaspace       used 84191K, committed 86144K, reserved 1179648K
  class space    used 8936K, committed 9856K, reserved 1048576K
}
Event: 1581.082 GC heap before
{Heap before GC invocations=697 (full 4):
 PSYoungGen      total 7168K, used 6816K [0x00000000d5580000, 0x00000000d5d80000, 0x0000000100000000)
  eden space 6144K, 100% used [0x00000000d5580000,0x00000000d5b80000,0x00000000d5b80000)
  from space 1024K, 65% used [0x00000000d5c80000,0x00000000d5d28000,0x00000000d5d80000)
  to   space 1024K, 0% used [0x00000000d5b80000,0x00000000d5b80000,0x00000000d5c80000)
 ParOldGen       total 320000K, used 294128K [0x0000000080000000, 0x0000000093880000, 0x00000000d5580000)
  object space 320000K, 91% used [0x0000000080000000,0x0000000091f3c140,0x0000000093880000)
 Metaspace       used 84191K, committed 86144K, reserved 1179648K
  class space    used 8936K, committed 9856K, reserved 1048576K
}
Event: 1581.084 GC heap after
{Heap after GC invocations=697 (full 4):
 PSYoungGen      total 7168K, used 733K [0x00000000d5580000, 0x00000000d5f00000, 0x0000000100000000)
  eden space 6144K, 0% used [0x00000000d5580000,0x00000000d5580000,0x00000000d5b80000)
  from space 1024K, 71% used [0x00000000d5b80000,0x00000000d5c37600,0x00000000d5c80000)
  to   space 1024K, 0% used [0x00000000d5e00000,0x00000000d5e00000,0x00000000d5f00000)
 ParOldGen       total 320000K, used 294664K [0x0000000080000000, 0x0000000093880000, 0x00000000d5580000)
  object space 320000K, 92% used [0x0000000080000000,0x0000000091fc2140,0x0000000093880000)
 Metaspace       used 84191K, committed 86144K, reserved 1179648K
  class space    used 8936K, committed 9856K, reserved 1048576K
}
Event: 1581.087 GC heap before
{Heap before GC invocations=698 (full 4):
 PSYoungGen      total 7168K, used 6877K [0x00000000d5580000, 0x00000000d5f00000, 0x0000000100000000)
  eden space 6144K, 100% used [0x00000000d5580000,0x00000000d5b80000,0x00000000d5b80000)
  from space 1024K, 71% used [0x00000000d5b80000,0x00000000d5c37600,0x00000000d5c80000)
  to   space 1024K, 0% used [0x00000000d5e00000,0x00000000d5e00000,0x00000000d5f00000)
 ParOldGen       total 320000K, used 294664K [0x0000000080000000, 0x0000000093880000, 0x00000000d5580000)
  object space 320000K, 92% used [0x0000000080000000,0x0000000091fc2140,0x0000000093880000)
 Metaspace       used 84192K, committed 86144K, reserved 1179648K
  class space    used 8936K, committed 9856K, reserved 1048576K
}
Event: 1581.090 GC heap after
{Heap after GC invocations=698 (full 4):
 PSYoungGen      total 8704K, used 640K [0x00000000d5580000, 0x00000000d5f00000, 0x0000000100000000)
  eden space 7680K, 0% used [0x00000000d5580000,0x00000000d5580000,0x00000000d5d00000)
  from space 1024K, 62% used [0x00000000d5e00000,0x00000000d5ea0000,0x00000000d5f00000)
  to   space 1024K, 0% used [0x00000000d5d00000,0x00000000d5d00000,0x00000000d5e00000)
 ParOldGen       total 320000K, used 295141K [0x0000000080000000, 0x0000000093880000, 0x00000000d5580000)
  object space 320000K, 92% used [0x0000000080000000,0x0000000092039740,0x0000000093880000)
 Metaspace       used 84192K, committed 86144K, reserved 1179648K
  class space    used 8936K, committed 9856K, reserved 1048576K
}
Event: 1581.105 GC heap before
{Heap before GC invocations=699 (full 4):
 PSYoungGen      total 8704K, used 8320K [0x00000000d5580000, 0x00000000d5f00000, 0x0000000100000000)
  eden space 7680K, 100% used [0x00000000d5580000,0x00000000d5d00000,0x00000000d5d00000)
  from space 1024K, 62% used [0x00000000d5e00000,0x00000000d5ea0000,0x00000000d5f00000)
  to   space 1024K, 0% used [0x00000000d5d00000,0x00000000d5d00000,0x00000000d5e00000)
 ParOldGen       total 320000K, used 295141K [0x0000000080000000, 0x0000000093880000, 0x00000000d5580000)
  object space 320000K, 92% used [0x0000000080000000,0x0000000092039740,0x0000000093880000)
 Metaspace       used 84192K, committed 86144K, reserved 1179648K
  class space    used 8936K, committed 9856K, reserved 1048576K
}
Event: 1581.109 GC heap after
{Heap after GC invocations=699 (full 4):
 PSYoungGen      total 8704K, used 532K [0x00000000d5580000, 0x00000000d6080000, 0x0000000100000000)
  eden space 7680K, 0% used [0x00000000d5580000,0x00000000d5580000,0x00000000d5d00000)
  from space 1024K, 52% used [0x00000000d5d00000,0x00000000d5d85200,0x00000000d5e00000)
  to   space 1024K, 0% used [0x00000000d5f80000,0x00000000d5f80000,0x00000000d6080000)
 ParOldGen       total 320000K, used 295693K [0x0000000080000000, 0x0000000093880000, 0x00000000d5580000)
  object space 320000K, 92% used [0x0000000080000000,0x00000000920c3740,0x0000000093880000)
 Metaspace       used 84192K, committed 86144K, reserved 1179648K
  class space    used 8936K, committed 9856K, reserved 1048576K
}

