# JRE version: OpenJDK Runtime Environment Temurin-21.0.8+9 (21.0.8+9) (build 21.0.8+9-LTS)
# Java VM: OpenJDK 64-Bit Server VM Temurin-21.0.8+9 (21.0.8+9-LTS, mixed mode, sharing, tiered, compressed oops, compressed class ptrs, parallel gc, windows-amd64)
GC Precious Log:
 CardTable entry size: 512
 CPUs: 8 total, 8 available
 Memory: 5965M
 Large Page Support: Disabled
 NUMA Support: Disabled
 Compressed Oops: Enabled (32-bit)
 Alignments: Space 512K, Generation 512K, Heap 2M
 Heap Min Capacity: 100M
 Heap Initial Capacity: 100M
 Heap Max Capacity: 2G
 Pre-touch: Disabled
 Parallel Workers: 8
Heap:
 PSYoungGen      total 5632K, used 2494K [0x00000000d5580000, 0x00000000d5d00000, 0x0000000100000000)
  eden space 5120K, 39% used [0x00000000d5580000,0x00000000d5773940,0x00000000d5a80000)
  from space 512K, 96% used [0x00000000d5a80000,0x00000000d5afc010,0x00000000d5b00000)
  to   space 1024K, 0% used [0x00000000d5c00000,0x00000000d5c00000,0x00000000d5d00000)
 ParOldGen       total 697344K, used 697014K [0x0000000080000000, 0x00000000aa900000, 0x00000000d5580000)
  object space 697344K, 99% used [0x0000000080000000,0x00000000aa8adb40,0x00000000aa900000)
 Metaspace       used 90717K, committed 92736K, reserved 1179648K
  class space    used 9575K, committed 10496K, reserved 1048576K
GC Heap History (20 events):
Event: 2226.008 GC heap before
{Heap before GC invocations=1252 (full 4):
 PSYoungGen      total 7168K, used 7156K [0x00000000d5580000, 0x00000000d5f80000, 0x0000000100000000)
  eden space 6144K, 100% used [0x00000000d5580000,0x00000000d5b80000,0x00000000d5b80000)
  from space 1024K, 98% used [0x00000000d5b80000,0x00000000d5c7d200,0x00000000d5c80000)
  to   space 2048K, 0% used [0x00000000d5d80000,0x00000000d5d80000,0x00000000d5f80000)
 ParOldGen       total 690688K, used 690566K [0x0000000080000000, 0x00000000aa280000, 0x00000000d5580000)
  object space 690688K, 99% used [0x0000000080000000,0x00000000aa261958,0x00000000aa280000)
 Metaspace       used 90697K, committed 92736K, reserved 1179648K
  class space    used 9575K, committed 10496K, reserved 1048576K
}
Event: 2226.014 GC heap after
{Heap after GC invocations=1252 (full 4):
 PSYoungGen      total 7168K, used 576K [0x00000000d5580000, 0x00000000d5e80000, 0x0000000100000000)
  eden space 6144K, 0% used [0x00000000d5580000,0x00000000d5580000,0x00000000d5b80000)
  from space 1024K, 56% used [0x00000000d5d80000,0x00000000d5e10000,0x00000000d5e80000)
  to   space 1024K, 0% used [0x00000000d5b80000,0x00000000d5b80000,0x00000000d5c80000)
 ParOldGen       total 691712K, used 691463K [0x0000000080000000, 0x00000000aa380000, 0x00000000d5580000)
  object space 691712K, 99% used [0x0000000080000000,0x00000000aa341f30,0x00000000aa380000)
 Metaspace       used 90697K, committed 92736K, reserved 1179648K
  class space    used 9575K, committed 10496K, reserved 1048576K
}
Event: 2226.056 GC heap before
{Heap before GC invocations=1253 (full 4):
 PSYoungGen      total 7168K, used 6720K [0x00000000d5580000, 0x00000000d5e80000, 0x0000000100000000)
  eden space 6144K, 100% used [0x00000000d5580000,0x00000000d5b80000,0x00000000d5b80000)
  from space 1024K, 56% used [0x00000000d5d80000,0x00000000d5e10000,0x00000000d5e80000)
  to   space 1024K, 0% used [0x00000000d5b80000,0x00000000d5b80000,0x00000000d5c80000)
 ParOldGen       total 691712K, used 691463K [0x0000000080000000, 0x00000000aa380000, 0x00000000d5580000)
  object space 691712K, 99% used [0x0000000080000000,0x00000000aa341f30,0x00000000aa380000)
 Metaspace       used 90699K, committed 92736K, reserved 1179648K
  class space    used 9575K, committed 10496K, reserved 1048576K
}
Event: 2226.060 GC heap after
{Heap after GC invocations=1253 (full 4):
 PSYoungGen      total 7168K, used 980K [0x00000000d5580000, 0x00000000d5e80000, 0x0000000100000000)
  eden space 6144K, 0% used [0x00000000d5580000,0x00000000d5580000,0x00000000d5b80000)
  from space 1024K, 95% used [0x00000000d5b80000,0x00000000d5c75200,0x00000000d5c80000)
  to   space 1536K, 0% used [0x00000000d5d00000,0x00000000d5d00000,0x00000000d5e80000)
 ParOldGen       total 692224K, used 691903K [0x0000000080000000, 0x00000000aa400000, 0x00000000d5580000)
  object space 692224K, 99% used [0x0000000080000000,0x00000000aa3aff50,0x00000000aa400000)
 Metaspace       used 90699K, committed 92736K, reserved 1179648K
  class space    used 9575K, committed 10496K, reserved 1048576K
}
Event: 2226.403 GC heap before
{Heap before GC invocations=1254 (full 4):
 PSYoungGen      total 7168K, used 7124K [0x00000000d5580000, 0x00000000d5e80000, 0x0000000100000000)
  eden space 6144K, 99% used [0x00000000d5580000,0x00000000d5b7fff8,0x00000000d5b80000)
  from space 1024K, 95% used [0x00000000d5b80000,0x00000000d5c75200,0x00000000d5c80000)
  to   space 1536K, 0% used [0x00000000d5d00000,0x00000000d5d00000,0x00000000d5e80000)
 ParOldGen       total 692224K, used 691903K [0x0000000080000000, 0x00000000aa400000, 0x00000000d5580000)
  object space 692224K, 99% used [0x0000000080000000,0x00000000aa3aff50,0x00000000aa400000)
 Metaspace       used 90701K, committed 92736K, reserved 1179648K
  class space    used 9575K, committed 10496K, reserved 1048576K
}
Event: 2226.406 GC heap after
{Heap after GC invocations=1254 (full 4):
 PSYoungGen      total 7168K, used 576K [0x00000000d5580000, 0x00000000d5e00000, 0x0000000100000000)
  eden space 6144K, 0% used [0x00000000d5580000,0x00000000d5580000,0x00000000d5b80000)
  from space 1024K, 56% used [0x00000000d5d00000,0x00000000d5d90020,0x00000000d5e00000)
  to   space 1024K, 0% used [0x00000000d5b80000,0x00000000d5b80000,0x00000000d5c80000)
 ParOldGen       total 692736K, used 692697K [0x0000000080000000, 0x00000000aa480000, 0x00000000d5580000)
  object space 692736K, 99% used [0x0000000080000000,0x00000000aa4766c0,0x00000000aa480000)
 Metaspace       used 90701K, committed 92736K, reserved 1179648K
  class space    used 9575K, committed 10496K, reserved 1048576K
}
Event: 2227.967 GC heap before
{Heap before GC invocations=1255 (full 4):
 PSYoungGen      total 7168K, used 6720K [0x00000000d5580000, 0x00000000d5e00000, 0x0000000100000000)
  eden space 6144K, 100% used [0x00000000d5580000,0x00000000d5b80000,0x00000000d5b80000)
  from space 1024K, 56% used [0x00000000d5d00000,0x00000000d5d90020,0x00000000d5e00000)
  to   space 1024K, 0% used [0x00000000d5b80000,0x00000000d5b80000,0x00000000d5c80000)
 ParOldGen       total 692736K, used 692697K [0x0000000080000000, 0x00000000aa480000, 0x00000000d5580000)
  object space 692736K, 99% used [0x0000000080000000,0x00000000aa4766c0,0x00000000aa480000)
 Metaspace       used 90702K, committed 92736K, reserved 1179648K
  class space    used 9575K, committed 10496K, reserved 1048576K
}
Event: 2227.969 GC heap after
{Heap after GC invocations=1255 (full 4):
 PSYoungGen      total 7168K, used 724K [0x00000000d5580000, 0x00000000d5d80000, 0x0000000100000000)
  eden space 6144K, 0% used [0x00000000d5580000,0x00000000d5580000,0x00000000d5b80000)
  from space 1024K, 70% used [0x00000000d5b80000,0x00000000d5c35200,0x00000000d5c80000)
  to   space 1024K, 0% used [0x00000000d5c80000,0x00000000d5c80000,0x00000000d5d80000)
 ParOldGen       total 693248K, used 693196K [0x0000000080000000, 0x00000000aa500000, 0x00000000d5580000)
  object space 693248K, 99% used [0x0000000080000000,0x00000000aa4f30a0,0x00000000aa500000)
 Metaspace       used 90702K, committed 92736K, reserved 1179648K
  class space    used 9575K, committed 10496K, reserved 1048576K
}
Event: 2229.757 GC heap before
{Heap before GC invocations=1256 (full 4):
 PSYoungGen      total 7168K, used 6868K [0x00000000d5580000, 0x00000000d5d80000, 0x0000000100000000)
  eden space 6144K, 100% used [0x00000000d5580000,0x00000000d5b80000,0x00000000d5b80000)
  from space 1024K, 70% used [0x00000000d5b80000,0x00000000d5c35200,0x00000000d5c80000)
  to   space 1024K, 0% used [0x00000000d5c80000,0x00000000d5c80000,0x00000000d5d80000)
 ParOldGen       total 693248K, used 693196K [0x0000000080000000, 0x00000000aa500000, 0x00000000d5580000)
  object space 693248K, 99% used [0x0000000080000000,0x00000000aa4f30a0,0x00000000aa500000)
 Metaspace       used 90703K, committed 92736K, reserved 1179648K
  class space    used 9575K, committed 10496K, reserved 1048576K
}
Event: 2229.759 GC heap after
{Heap after GC invocations=1256 (full 4):
 PSYoungGen      total 7168K, used 532K [0x00000000d5580000, 0x00000000d5d80000, 0x0000000100000000)
  eden space 6144K, 0% used [0x00000000d5580000,0x00000000d5580000,0x00000000d5b80000)
  from space 1024K, 52% used [0x00000000d5c80000,0x00000000d5d05220,0x00000000d5d80000)
  to   space 1024K, 0% used [0x00000000d5b80000,0x00000000d5b80000,0x00000000d5c80000)
 ParOldGen       total 693760K, used 693736K [0x0000000080000000, 0x00000000aa580000, 0x00000000d5580000)
  object space 693760K, 99% used [0x0000000080000000,0x00000000aa57a2b0,0x00000000aa580000)
 Metaspace       used 90703K, committed 92736K, reserved 1179648K
  class space    used 9575K, committed 10496K, reserved 1048576K
}
Event: 2229.768 GC heap before
{Heap before GC invocations=1257 (full 4):
 PSYoungGen      total 7168K, used 6676K [0x00000000d5580000, 0x00000000d5d80000, 0x0000000100000000)
  eden space 6144K, 100% used [0x00000000d5580000,0x00000000d5b80000,0x00000000d5b80000)
  from space 1024K, 52% used [0x00000000d5c80000,0x00000000d5d05220,0x00000000d5d80000)
  to   space 1024K, 0% used [0x00000000d5b80000,0x00000000d5b80000,0x00000000d5c80000)
 ParOldGen       total 693760K, used 693736K [0x0000000080000000, 0x00000000aa580000, 0x00000000d5580000)
  object space 693760K, 99% used [0x0000000080000000,0x00000000aa57a2b0,0x00000000aa580000)
 Metaspace       used 90703K, committed 92736K, reserved 1179648K
  class space    used 9575K, committed 10496K, reserved 1048576K
}
Event: 2229.770 GC heap after
{Heap after GC invocations=1257 (full 4):
 PSYoungGen      total 7168K, used 736K [0x00000000d5580000, 0x00000000d5d80000, 0x0000000100000000)
  eden space 6144K, 0% used [0x00000000d5580000,0x00000000d5580000,0x00000000d5b80000)
  from space 1024K, 71% used [0x00000000d5b80000,0x00000000d5c38000,0x00000000d5c80000)
  to   space 1024K, 0% used [0x00000000d5c80000,0x00000000d5c80000,0x00000000d5d80000)
 ParOldGen       total 694272K, used 694209K [0x0000000080000000, 0x00000000aa600000, 0x00000000d5580000)
  object space 694272K, 99% used [0x0000000080000000,0x00000000aa5f0658,0x00000000aa600000)
 Metaspace       used 90703K, committed 92736K, reserved 1179648K
  class space    used 9575K, committed 10496K, reserved 1048576K
}
Event: 2230.174 GC heap before
{Heap before GC invocations=1258 (full 4):
 PSYoungGen      total 7168K, used 6880K [0x00000000d5580000, 0x00000000d5d80000, 0x0000000100000000)
  eden space 6144K, 100% used [0x00000000d5580000,0x00000000d5b80000,0x00000000d5b80000)
  from space 1024K, 71% used [0x00000000d5b80000,0x00000000d5c38000,0x00000000d5c80000)
  to   space 1024K, 0% used [0x00000000d5c80000,0x00000000d5c80000,0x00000000d5d80000)
 ParOldGen       total 694272K, used 694209K [0x0000000080000000, 0x00000000aa600000, 0x00000000d5580000)
  object space 694272K, 99% used [0x0000000080000000,0x00000000aa5f0658,0x00000000aa600000)
 Metaspace       used 90706K, committed 92736K, reserved 1179648K
  class space    used 9575K, committed 10496K, reserved 1048576K
}
Event: 2230.176 GC heap after
{Heap after GC invocations=1258 (full 4):
 PSYoungGen      total 7168K, used 954K [0x00000000d5580000, 0x00000000d5d80000, 0x0000000100000000)
  eden space 6144K, 0% used [0x00000000d5580000,0x00000000d5580000,0x00000000d5b80000)
  from space 1024K, 93% used [0x00000000d5c80000,0x00000000d5d6e900,0x00000000d5d80000)
  to   space 1024K, 0% used [0x00000000d5b80000,0x00000000d5b80000,0x00000000d5c80000)
 ParOldGen       total 695296K, used 694817K [0x0000000080000000, 0x00000000aa700000, 0x00000000d5580000)
  object space 695296K, 99% used [0x0000000080000000,0x00000000aa688678,0x00000000aa700000)
 Metaspace       used 90706K, committed 92736K, reserved 1179648K
  class space    used 9575K, committed 10496K, reserved 1048576K
}
Event: 2230.184 GC heap before
{Heap before GC invocations=1259 (full 4):
 PSYoungGen      total 7168K, used 7098K [0x00000000d5580000, 0x00000000d5d80000, 0x0000000100000000)
  eden space 6144K, 100% used [0x00000000d5580000,0x00000000d5b80000,0x00000000d5b80000)
  from space 1024K, 93% used [0x00000000d5c80000,0x00000000d5d6e900,0x00000000d5d80000)
  to   space 1024K, 0% used [0x00000000d5b80000,0x00000000d5b80000,0x00000000d5c80000)
 ParOldGen       total 695296K, used 694817K [0x0000000080000000, 0x00000000aa700000, 0x00000000d5580000)
  object space 695296K, 99% used [0x0000000080000000,0x00000000aa688678,0x00000000aa700000)
 Metaspace       used 90707K, committed 92736K, reserved 1179648K
  class space    used 9575K, committed 10496K, reserved 1048576K
}
Event: 2230.186 GC heap after
{Heap after GC invocations=1259 (full 4):
 PSYoungGen      total 7168K, used 512K [0x00000000d5580000, 0x00000000d5d80000, 0x0000000100000000)
  eden space 6144K, 0% used [0x00000000d5580000,0x00000000d5580000,0x00000000d5b80000)
  from space 1024K, 50% used [0x00000000d5b80000,0x00000000d5c00020,0x00000000d5c80000)
  to   space 1024K, 0% used [0x00000000d5c80000,0x00000000d5c80000,0x00000000d5d80000)
 ParOldGen       total 695808K, used 695674K [0x0000000080000000, 0x00000000aa780000, 0x00000000d5580000)
  object space 695808K, 99% used [0x0000000080000000,0x00000000aa75eb40,0x00000000aa780000)
 Metaspace       used 90707K, committed 92736K, reserved 1179648K
  class space    used 9575K, committed 10496K, reserved 1048576K
}
Event: 2230.759 GC heap before
{Heap before GC invocations=1260 (full 4):
 PSYoungGen      total 7168K, used 6656K [0x00000000d5580000, 0x00000000d5d80000, 0x0000000100000000)
  eden space 6144K, 100% used [0x00000000d5580000,0x00000000d5b80000,0x00000000d5b80000)
  from space 1024K, 50% used [0x00000000d5b80000,0x00000000d5c00020,0x00000000d5c80000)
  to   space 1024K, 0% used [0x00000000d5c80000,0x00000000d5c80000,0x00000000d5d80000)
 ParOldGen       total 695808K, used 695674K [0x0000000080000000, 0x00000000aa780000, 0x00000000d5580000)
  object space 695808K, 99% used [0x0000000080000000,0x00000000aa75eb40,0x00000000aa780000)
 Metaspace       used 90708K, committed 92736K, reserved 1179648K
  class space    used 9575K, committed 10496K, reserved 1048576K
}
Event: 2230.761 GC heap after
{Heap after GC invocations=1260 (full 4):
 PSYoungGen      total 6144K, used 996K [0x00000000d5580000, 0x00000000d5f80000, 0x0000000100000000)
  eden space 5120K, 0% used [0x00000000d5580000,0x00000000d5580000,0x00000000d5a80000)
  from space 1024K, 97% used [0x00000000d5c80000,0x00000000d5d79210,0x00000000d5d80000)
  to   space 2048K, 0% used [0x00000000d5a80000,0x00000000d5a80000,0x00000000d5c80000)
 ParOldGen       total 696320K, used 696090K [0x0000000080000000, 0x00000000aa800000, 0x00000000d5580000)
  object space 696320K, 99% used [0x0000000080000000,0x00000000aa7c6b60,0x00000000aa800000)
 Metaspace       used 90708K, committed 92736K, reserved 1179648K
  class space    used 9575K, committed 10496K, reserved 1048576K
}
Event: 2230.768 GC heap before
{Heap before GC invocations=1261 (full 4):
 PSYoungGen      total 6144K, used 6116K [0x00000000d5580000, 0x00000000d5f80000, 0x0000000100000000)
  eden space 5120K, 100% used [0x00000000d5580000,0x00000000d5a80000,0x00000000d5a80000)
  from space 1024K, 97% used [0x00000000d5c80000,0x00000000d5d79210,0x00000000d5d80000)
  to   space 2048K, 0% used [0x00000000d5a80000,0x00000000d5a80000,0x00000000d5c80000)
 ParOldGen       total 696320K, used 696090K [0x0000000080000000, 0x00000000aa800000, 0x00000000d5580000)
  object space 696320K, 99% used [0x0000000080000000,0x00000000aa7c6b60,0x00000000aa800000)
 Metaspace       used 90708K, committed 92736K, reserved 1179648K
  class space    used 9575K, committed 10496K, reserved 1048576K
}
Event: 2230.769 GC heap after
{Heap after GC invocations=1261 (full 4):
 PSYoungGen      total 5632K, used 496K [0x00000000d5580000, 0x00000000d5d00000, 0x0000000100000000)
  eden space 5120K, 0% used [0x00000000d5580000,0x00000000d5580000,0x00000000d5a80000)
  from space 512K, 96% used [0x00000000d5a80000,0x00000000d5afc010,0x00000000d5b00000)
  to   space 1024K, 0% used [0x00000000d5c00000,0x00000000d5c00000,0x00000000d5d00000)
 ParOldGen       total 697344K, used 697014K [0x0000000080000000, 0x00000000aa900000, 0x00000000d5580000)
  object space 697344K, 99% used [0x0000000080000000,0x00000000aa8adb40,0x00000000aa900000)
 Metaspace       used 90708K, committed 92736K, reserved 1179648K
  class space    used 9575K, committed 10496K, reserved 1048576K
}

